<?xml version="1.0" encoding="UTF-8"?>
<!-- Generated by org.testng.reporters.JUnitReportReporter -->
<testsuite skipped="0" hostname="DESKTOP-MJP0VL9" name="com.bigsmall.runner.BigSmallRunnner" tests="10" failures="1" timestamp="2021-11-21T22:39:18 IST" time="284.022" errors="0">
  <testcase name="runScenario" time="36.181" classname="com.bigsmall.runner.BigSmallRunnner"/>
  <testcase name="runScenario" time="39.212" classname="com.bigsmall.runner.BigSmallRunnner"/>
  <testcase name="runScenario" time="26.142" classname="com.bigsmall.runner.BigSmallRunnner"/>
  <testcase name="runScenario" time="24.188" classname="com.bigsmall.runner.BigSmallRunnner"/>
  <testcase name="runScenario" time="29.483" classname="com.bigsmall.runner.BigSmallRunnner"/>
  <testcase name="runScenario" time="28.796" classname="com.bigsmall.runner.BigSmallRunnner"/>
  <testcase name="runScenario" time="24.124" classname="com.bigsmall.runner.BigSmallRunnner"/>
  <testcase name="runScenario" time="18.330" classname="com.bigsmall.runner.BigSmallRunnner">
    <failure type="java.lang.AssertionError" message="Wish List title is not verified. did not expect to find [true] but found [false]">
      <![CDATA[java.lang.AssertionError: Wish List title is not verified. did not expect to find [true] but found [false]
at org.testng.Assert.fail(Assert.java:97)
at org.testng.Assert.failNotEquals(Assert.java:969)
at org.testng.Assert.assertTrue(Assert.java:43)
at com.bigsmall.stepDefinitions.WishListSteps.verify_the_title(WishListSteps.java:51)
at âœ½.verify the title "My Wishlist - Bigsmall.in"(file:///E:/Office_Work/Training/workspace/bigsmall_bdd/features/WishList.feature:6)
]]>
    </failure>
  </testcase> <!-- runScenario -->
  <testcase name="runScenario" time="21.452" classname="com.bigsmall.runner.BigSmallRunnner"/>
  <testcase name="runScenario" time="36.114" classname="com.bigsmall.runner.BigSmallRunnner"/>
</testsuite> <!-- com.bigsmall.runner.BigSmallRunnner -->
